<?xml version="1.0" encoding="UTF-8"?>
<testng-results ignored="0" total="2" passed="2" failed="0" skipped="0">
  <reporter-output>
  </reporter-output>
  <suite started-at="2022-11-23T11:01:17 IST" name="Smoke Suite" finished-at="2022-11-23T11:03:47 IST" duration-ms="149534">
    <groups>
      <group name="cucumber">
        <method signature="AbstractTestNGCucumberTests.runScenario(io.cucumber.testng.PickleWrapper,io.cucumber.testng.FeatureWrapper)[pri:0, instance:org.orange.hrm.automation.runners.TestRunner@380aae9f]" name="runScenario" class="io.cucumber.testng.AbstractTestNGCucumberTests"/>
      </group> <!-- cucumber -->
    </groups>
    <test started-at="2022-11-23T11:01:17 IST" name="Smoke Test Run" finished-at="2022-11-23T11:03:47 IST" duration-ms="149534">
      <class name="org.orange.hrm.automation.runners.TestRunner">
        <test-method is-config="true" signature="setUpClass(org.testng.ITestContext)[pri:0, instance:org.orange.hrm.automation.runners.TestRunner@380aae9f]" started-at="2022-11-23T11:01:17 IST" name="setUpClass" finished-at="2022-11-23T11:01:18 IST" duration-ms="984" status="PASS">
          <params>
            <param index="0">
              <value>
                <![CDATA[org.testng.TestRunner@2571cba8]]>
              </value>
            </param>
          </params>
          <reporter-output>
          </reporter-output>
        </test-method> <!-- setUpClass -->
        <test-method signature="runScenario(io.cucumber.testng.PickleWrapper,io.cucumber.testng.FeatureWrapper)[pri:0, instance:org.orange.hrm.automation.runners.TestRunner@380aae9f]" started-at="2022-11-23T11:01:18 IST" name="runScenario" description="Runs Cucumber Scenarios" data-provider="scenarios" finished-at="2022-11-23T11:03:15 IST" duration-ms="116559" status="PASS">
          <params>
            <param index="0">
              <value>
                <![CDATA["Adding a new employee"]]>
              </value>
            </param>
            <param index="1">
              <value>
                <![CDATA["Add Employee"]]>
              </value>
            </param>
          </params>
          <reporter-output>
          </reporter-output>
        </test-method> <!-- runScenario -->
        <test-method signature="runScenario(io.cucumber.testng.PickleWrapper,io.cucumber.testng.FeatureWrapper)[pri:0, instance:org.orange.hrm.automation.runners.TestRunner@380aae9f]" started-at="2022-11-23T11:03:15 IST" name="runScenario" description="Runs Cucumber Scenarios" data-provider="scenarios" finished-at="2022-11-23T11:03:47 IST" duration-ms="31823" status="PASS">
          <params>
            <param index="0">
              <value>
                <![CDATA["Valid Login Test"]]>
              </value>
            </param>
            <param index="1">
              <value>
                <![CDATA["Login"]]>
              </value>
            </param>
          </params>
          <reporter-output>
          </reporter-output>
        </test-method> <!-- runScenario -->
        <test-method is-config="true" signature="tearDownClass()[pri:0, instance:org.orange.hrm.automation.runners.TestRunner@380aae9f]" started-at="2022-11-23T11:03:47 IST" name="tearDownClass" finished-at="2022-11-23T11:03:47 IST" duration-ms="87" status="PASS">
          <reporter-output>
          </reporter-output>
        </test-method> <!-- tearDownClass -->
      </class> <!-- org.orange.hrm.automation.runners.TestRunner -->
    </test> <!-- Smoke Test Run -->
  </suite> <!-- Smoke Suite -->
</testng-results>
